####################################
# Uniscan project                  #
# http://uniscan.sourceforge.net/  #
####################################
V. 6.2


New version 6.3 is avaliable
More details in http://uniscan.sourceforge.net/


Scan date: 15-3-2022 18:41:37
####################################
# Uniscan project                  #
# http://uniscan.sourceforge.net/  #
####################################
V. 6.2


New version 6.3 is avaliable
More details in http://uniscan.sourceforge.net/


Scan date: 15-3-2022 18:48:22
####################################
# Uniscan project                  #
# http://uniscan.sourceforge.net/  #
####################################
V. 6.2


New version 6.3 is avaliable
More details in http://uniscan.sourceforge.net/


Scan date: 17-3-2022 11:40:37
===================================================================================================
| Domain: http://peachy.co.id/
| Server: Microsoft-IIS/8.0
| IP: 203.150.225.50
===================================================================================================
|
| Directory check:
| [+] CODE: 200 URL: http://peachy.co.id/en/
===================================================================================================
|                                                                                                   
| File check:
| [+] CODE: 200 URL: http://peachy.co.id/index.html
===================================================================================================
|
| Check robots.txt:
|
| Check sitemap.xml:
===================================================================================================
|
| Crawler Started:
| Plugin name: Upload Form Detect v.1.1 Loaded.
| Plugin name: Code Disclosure v.1.1 Loaded.
| Plugin name: E-mail Detection v.1.1 Loaded.
| Plugin name: External Host Detect v.1.2 Loaded.
| Plugin name: FCKeditor upload test v.1 Loaded.
| Plugin name: phpinfo() Disclosure v.1 Loaded.
| Plugin name: Timthumb <= 1.32 vulnerability v.1 Loaded.
| Plugin name: Web Backdoor Disclosure v.1.1 Loaded.
| [+] Crawling finished, 158 URL's found!
|
| File Upload Forms:
|
| Source Code Disclosure:
|
| E-mails:
| [+] E-mail Found: maretha.salam@ecobaby.co.id
|
| External hosts:
|
| FCKeditor File Upload:
|
| PHPinfo() Disclosure:
|
| Timthumb:
|
| Web Backdoors:
|
| Ignored Files: 
===================================================================================================
| Dynamic tests:
| Plugin name: Learning New Directories v.1.2 Loaded.
| Plugin name: FCKedior tests v.1.1 Loaded.
| Plugin name: Timthumb <= 1.32 vulnerability v.1 Loaded.
| Plugin name: Find Backup Files v.1.2 Loaded.
| Plugin name: Blind SQL-injection tests v.1.3 Loaded.
| Plugin name: Local File Include tests v.1.1 Loaded.
| Plugin name: PHP CGI Argument Injection v.1.1 Loaded.
| Plugin name: Remote Command Execution tests v.1.1 Loaded.
| Plugin name: Remote File Include tests v.1.2 Loaded.
| Plugin name: SQL-injection tests v.1.2 Loaded.
| Plugin name: Cross-Site Scripting tests v.1.2 Loaded.
| Plugin name: Web Shell Finder v.1.3 Loaded.
| [+] 0 New directories added
|                                                                                                   
|                                                                                                   
| FCKeditor tests:
|                                                                                                   
|                                                                                                   
| Timthumb < 1.33 vulnerability:
|                                                                                                   
|                                                                                                   
| Backup Files:
|                                                                                                   
|                                                                                                   
| Blind SQL Injection:
| [+] Vul [Blind SQL-i]: http://peachy.co.id/id/product-index.php?q=Mw==+AND+1=1     
| [+] Keyword: memenuhi
| [+] Vul [Blind SQL-i]: http://peachy.co.id/id/help-recipes.php?q=Mw==+AND+1=1     
| [+] Keyword: DENGAN
|                                                                                                   
|                                                                                                   
| Local File Include:
|                                                                                                   
|                                                                                                   
| PHP CGI Argument Injection:
|                                                                                                   
|                                                                                                   
| Remote Command Execution:
|                                                                                                   
|                                                                                                   
| Remote File Include:
|                                                                                                   
|                                                                                                   
| SQL Injection:
|                                                                                                   
|                                                                                                   
| Cross-Site Scripting (XSS):
|                                                                                                   
|                                                                                                   
| Web Shell Finder:
===================================================================================================
| Static tests:
| Plugin name: Local File Include tests v.1.1 Loaded.
| Plugin name: Remote Command Execution tests v.1.1 Loaded.
| Plugin name: Remote File Include tests v.1.1 Loaded.
|                                                                                                   
|                                                                                                   
| Local File Include:
|                                                                                                   
|                                                                                                   
| Remote Command Execution:
|                                                                                                   
|                                                                                                   
| Remote File Include:
===================================================================================================
Scan end date: 17-3-2022 12:6:25



HTML report saved in: report/peachy.co.id.html
####################################
# Uniscan project                  #
# http://uniscan.sourceforge.net/  #
####################################
V. 6.2


New version 6.3 is avaliable
More details in http://uniscan.sourceforge.net/


Scan date: 17-3-2022 13:24:46
####################################
# Uniscan project                  #
# http://uniscan.sourceforge.net/  #
####################################
V. 6.2


New version 6.3 is avaliable
More details in http://uniscan.sourceforge.net/


Scan date: 22-3-2022 13:11:19
===================================================================================================
| Domain: https://unilak.ac.id/
| Server: LiteSpeed
| IP: 103.215.176.19
===================================================================================================
|
| Directory check:
| [+] CODE: 200 URL: https://unilak.ac.id/administrator/
| [+] CODE: 200 URL: https://unilak.ac.id/agenda/
| [+] CODE: 200 URL: https://unilak.ac.id/asset/
| [+] CODE: 200 URL: https://unilak.ac.id/cpanel/
| [+] CODE: 200 URL: https://unilak.ac.id/download/
| [+] CODE: 200 URL: https://unilak.ac.id/gallery/
| [+] CODE: 200 URL: https://unilak.ac.id/server/
| [+] CODE: 200 URL: https://unilak.ac.id/video/
===================================================================================================
|                                                                                                   
| File check:
| [+] CODE: 200 URL: https://unilak.ac.id/mailman/listinfo
| [+] CODE: 200 URL: https://unilak.ac.id/license.txt
| [+] CODE: 200 URL: https://unilak.ac.id/webmail/horde/test.php
| [+] CODE: 200 URL: https://unilak.ac.id/webmail/blank.html
| [+] CODE: 200 URL: https://unilak.ac.id/webmail/lib/emailreader_execute_on_each_page.inc.php
| [+] CODE: 200 URL: https://unilak.ac.id/webmail/src/configtest.php
| [+] CODE: 200 URL: https://unilak.ac.id/webmail/src/read_body.php
===================================================================================================
|
| Check robots.txt:
|
| Check sitemap.xml:
===================================================================================================
|
| Crawler Started:
| Plugin name: Upload Form Detect v.1.1 Loaded.
| Plugin name: Code Disclosure v.1.1 Loaded.
| Plugin name: E-mail Detection v.1.1 Loaded.
| Plugin name: External Host Detect v.1.2 Loaded.
| Plugin name: FCKeditor upload test v.1 Loaded.
| Plugin name: phpinfo() Disclosure v.1 Loaded.
| Plugin name: Timthumb <= 1.32 vulnerability v.1 Loaded.
| Plugin name: Web Backdoor Disclosure v.1.1 Loaded.
####################################
# Uniscan project                  #
# http://uniscan.sourceforge.net/  #
####################################
V. 6.2


New version 6.3 is avaliable
More details in http://uniscan.sourceforge.net/


Scan date: 29-3-2022 15:51:56
===================================================================================================
| Domain: https://snmptn.ltmpt.ac.id/
| IP: 130.211.38.158
===================================================================================================
===================================================================================================
Scan end date: 29-3-2022 15:51:58



HTML report saved in: report/snmptn.ltmpt.ac.id.html
####################################
# Uniscan project                  #
# http://uniscan.sourceforge.net/  #
####################################
V. 6.2


New version 6.3 is avaliable
More details in http://uniscan.sourceforge.net/


Scan date: 29-3-2022 15:53:8
===================================================================================================
| Domain: https://ltmpt.ac.id/
| IP: 34.120.197.77
===================================================================================================
|
| Directory check:
| Skipped because https://ltmpt.ac.id/uniscan266/ did not return the code 404
===================================================================================================
|                                                                                                   
| File check:
| Skipped because https://ltmpt.ac.id/uniscan385/ did not return the code 404
===================================================================================================
|
| Check robots.txt:
|
| Check sitemap.xml:
===================================================================================================
|
| Crawler Started:
| Plugin name: Upload Form Detect v.1.1 Loaded.
| Plugin name: Code Disclosure v.1.1 Loaded.
| Plugin name: E-mail Detection v.1.1 Loaded.
| Plugin name: External Host Detect v.1.2 Loaded.
| Plugin name: FCKeditor upload test v.1 Loaded.
| Plugin name: phpinfo() Disclosure v.1 Loaded.
| Plugin name: Timthumb <= 1.32 vulnerability v.1 Loaded.
| Plugin name: Web Backdoor Disclosure v.1.1 Loaded.
| [+] Crawling finished, 1 URL's found!
|
| File Upload Forms:
|
| Source Code Disclosure:
|
| E-mails:
|
| External hosts:
|
| FCKeditor File Upload:
|
| PHPinfo() Disclosure:
|
| Timthumb:
|
| Web Backdoors:
|
| Ignored Files: 
===================================================================================================
| Dynamic tests:
| Plugin name: Learning New Directories v.1.2 Loaded.
| Plugin name: FCKedior tests v.1.1 Loaded.
| Plugin name: Timthumb <= 1.32 vulnerability v.1 Loaded.
| Plugin name: Find Backup Files v.1.2 Loaded.
| Plugin name: Blind SQL-injection tests v.1.3 Loaded.
| Plugin name: Local File Include tests v.1.1 Loaded.
| Plugin name: PHP CGI Argument Injection v.1.1 Loaded.
| Plugin name: Remote Command Execution tests v.1.1 Loaded.
| Plugin name: Remote File Include tests v.1.2 Loaded.
| Plugin name: SQL-injection tests v.1.2 Loaded.
| Plugin name: Cross-Site Scripting tests v.1.2 Loaded.
| Plugin name: Web Shell Finder v.1.3 Loaded.
| [+] 0 New directories added
|                                                                                                   
|                                                                                                   
| FCKeditor tests:
| Skipped because https://ltmpt.ac.id/testing123 did not return the code 404
|                                                                                                   
|                                                                                                   
| Timthumb < 1.33 vulnerability:
|                                                                                                   
|                                                                                                   
| Backup Files:
| Skipped because https://ltmpt.ac.id/testing123 did not return the code 404
|                                                                                                   
|                                                                                                   
| Blind SQL Injection:
|                                                                                                   
|                                                                                                   
| Local File Include:
|                                                                                                   
|                                                                                                   
| PHP CGI Argument Injection:
|                                                                                                   
|                                                                                                   
| Remote Command Execution:
|                                                                                                   
|                                                                                                   
| Remote File Include:
|                                                                                                   
|                                                                                                   
| SQL Injection:
|                                                                                                   
|                                                                                                   
| Cross-Site Scripting (XSS):
|                                                                                                   
|                                                                                                   
| Web Shell Finder:
===================================================================================================
| Static tests:
| Plugin name: Local File Include tests v.1.1 Loaded.
| Plugin name: Remote Command Execution tests v.1.1 Loaded.
| Plugin name: Remote File Include tests v.1.1 Loaded.
|                                                                                                   
|                                                                                                   
| Local File Include:
|                                                                                                   
|                                                                                                   
| Remote Command Execution:
|                                                                                                   
|                                                                                                   
| Remote File Include:
===================================================================================================
Scan end date: 29-3-2022 15:55:34



HTML report saved in: report/ltmpt.ac.id.html
####################################
# Uniscan project                  #
# http://uniscan.sourceforge.net/  #
####################################
V. 6.2


New version 6.3 is avaliable
More details in http://uniscan.sourceforge.net/


Scan date: 29-3-2022 15:56:12
===================================================================================================
| Domain: http://smkn2mandau.sch.id/
| Server: LiteSpeed
| IP: 101.50.1.68
===================================================================================================
|
| Directory check:
| [+] CODE: 200 URL: http://smkn2mandau.sch.id/about/
| [+] CODE: 200 URL: http://smkn2mandau.sch.id/administrator/
| [+] CODE: 200 URL: http://smkn2mandau.sch.id/agenda/
####################################
# Uniscan project                  #
# http://uniscan.sourceforge.net/  #
####################################
V. 6.2


New version 6.3 is avaliable
More details in http://uniscan.sourceforge.net/


Scan date: 29-3-2022 16:36:4
===================================================================================================
| Domain: https://dprd.bengkaliskab.go.id/
| IP: 103.157.146.98
===================================================================================================
|
| Directory check:
| Skipped because https://dprd.bengkaliskab.go.id/uniscan626/ did not return the code 404
===================================================================================================
|                                                                                                   
| File check:
| Skipped because https://dprd.bengkaliskab.go.id/uniscan483/ did not return the code 404
===================================================================================================
|
| Check robots.txt:
|
| Check sitemap.xml:
===================================================================================================
|
| Crawler Started:
| Plugin name: Upload Form Detect v.1.1 Loaded.
| Plugin name: Code Disclosure v.1.1 Loaded.
| Plugin name: E-mail Detection v.1.1 Loaded.
| Plugin name: External Host Detect v.1.2 Loaded.
| Plugin name: FCKeditor upload test v.1 Loaded.
| Plugin name: phpinfo() Disclosure v.1 Loaded.
| Plugin name: Timthumb <= 1.32 vulnerability v.1 Loaded.
| Plugin name: Web Backdoor Disclosure v.1.1 Loaded.
| [+] Crawling finished, 1 URL's found!
|
| File Upload Forms:
|
| Source Code Disclosure:
|
| E-mails:
|
| External hosts:
|
| FCKeditor File Upload:
|
| PHPinfo() Disclosure:
|
| Timthumb:
|
| Web Backdoors:
|
| Ignored Files: 
===================================================================================================
| Dynamic tests:
| Plugin name: Learning New Directories v.1.2 Loaded.
| Plugin name: FCKedior tests v.1.1 Loaded.
| Plugin name: Timthumb <= 1.32 vulnerability v.1 Loaded.
| Plugin name: Find Backup Files v.1.2 Loaded.
| Plugin name: Blind SQL-injection tests v.1.3 Loaded.
| Plugin name: Local File Include tests v.1.1 Loaded.
| Plugin name: PHP CGI Argument Injection v.1.1 Loaded.
| Plugin name: Remote Command Execution tests v.1.1 Loaded.
| Plugin name: Remote File Include tests v.1.2 Loaded.
| Plugin name: SQL-injection tests v.1.2 Loaded.
| Plugin name: Cross-Site Scripting tests v.1.2 Loaded.
| Plugin name: Web Shell Finder v.1.3 Loaded.
| [+] 0 New directories added
|                                                                                                   
|                                                                                                   
| FCKeditor tests:
| Skipped because https://dprd.bengkaliskab.go.id/testing123 did not return the code 404
|                                                                                                   
|                                                                                                   
| Timthumb < 1.33 vulnerability:
|                                                                                                   
|                                                                                                   
| Backup Files:
| Skipped because https://dprd.bengkaliskab.go.id/testing123 did not return the code 404
|                                                                                                   
|                                                                                                   
| Blind SQL Injection:
|                                                                                                   
|                                                                                                   
| Local File Include:
|                                                                                                   
|                                                                                                   
| PHP CGI Argument Injection:
|                                                                                                   
|                                                                                                   
| Remote Command Execution:
|                                                                                                   
|                                                                                                   
| Remote File Include:
|                                                                                                   
|                                                                                                   
| SQL Injection:
|                                                                                                   
|                                                                                                   
| Cross-Site Scripting (XSS):
|                                                                                                   
|                                                                                                   
| Web Shell Finder:
===================================================================================================
| Static tests:
| Plugin name: Local File Include tests v.1.1 Loaded.
| Plugin name: Remote Command Execution tests v.1.1 Loaded.
| Plugin name: Remote File Include tests v.1.1 Loaded.
|                                                                                                   
|                                                                                                   
| Local File Include:
|                                                                                                   
|                                                                                                   
| Remote Command Execution:
|                                                                                                   
|                                                                                                   
| Remote File Include:
===================================================================================================
Scan end date: 29-3-2022 16:39:41



HTML report saved in: report/dprd.bengkaliskab.go.id.html
####################################
# Uniscan project                  #
# http://uniscan.sourceforge.net/  #
####################################
V. 6.2


New version 6.3 is avaliable
More details in http://uniscan.sourceforge.net/


Scan date: 29-3-2022 16:41:37
===================================================================================================
| Domain: http://siakad.upmi.ac.id/
| Server: LiteSpeed
| IP: 103.28.12.67
===================================================================================================
|
| Directory check:
| [+] CODE: 200 URL: http://siakad.upmi.ac.id/assets/
| [+] CODE: 200 URL: http://siakad.upmi.ac.id/cpanel/
| [+] CODE: 200 URL: http://siakad.upmi.ac.id/database/
####################################
# Uniscan project                  #
# http://uniscan.sourceforge.net/  #
####################################
V. 6.2


New version 6.3 is avaliable
More details in http://uniscan.sourceforge.net/


####################################
# Uniscan project                  #
# http://uniscan.sourceforge.net/  #
####################################
V. 6.2


New version 6.3 is avaliable
More details in http://uniscan.sourceforge.net/


Scan date: 29-3-2022 16:45:58
===================================================================================================
| Domain: http://siakad.upmi.ac.id/
| IP: 103.28.12.67
===================================================================================================
|                                                                                                   
| File check:
| Skipped because http://siakad.upmi.ac.id/uniscan244/ did not return the code 404
===================================================================================================
|
| Check robots.txt:
|
| Check sitemap.xml:
===================================================================================================
|
| Crawler Started:
| Plugin name: Upload Form Detect v.1.1 Loaded.
| Plugin name: Code Disclosure v.1.1 Loaded.
| Plugin name: E-mail Detection v.1.1 Loaded.
| Plugin name: External Host Detect v.1.2 Loaded.
| Plugin name: FCKeditor upload test v.1 Loaded.
| Plugin name: phpinfo() Disclosure v.1 Loaded.
| Plugin name: Timthumb <= 1.32 vulnerability v.1 Loaded.
| Plugin name: Web Backdoor Disclosure v.1.1 Loaded.
| [+] Crawling finished, 1 URL's found!
|
| File Upload Forms:
|
| Source Code Disclosure:
|
| E-mails:
|
| External hosts:
|
| FCKeditor File Upload:
|
| PHPinfo() Disclosure:
|
| Timthumb:
|
| Web Backdoors:
|
| Ignored Files: 
===================================================================================================
| Dynamic tests:
| Plugin name: Learning New Directories v.1.2 Loaded.
| Plugin name: FCKedior tests v.1.1 Loaded.
| Plugin name: Timthumb <= 1.32 vulnerability v.1 Loaded.
| Plugin name: Find Backup Files v.1.2 Loaded.
| Plugin name: Blind SQL-injection tests v.1.3 Loaded.
| Plugin name: Local File Include tests v.1.1 Loaded.
| Plugin name: PHP CGI Argument Injection v.1.1 Loaded.
| Plugin name: Remote Command Execution tests v.1.1 Loaded.
| Plugin name: Remote File Include tests v.1.2 Loaded.
| Plugin name: SQL-injection tests v.1.2 Loaded.
| Plugin name: Cross-Site Scripting tests v.1.2 Loaded.
| Plugin name: Web Shell Finder v.1.3 Loaded.
| [+] 0 New directories added
|                                                                                                   
|                                                                                                   
| FCKeditor tests:
| Skipped because http://siakad.upmi.ac.id/testing123 did not return the code 404
|                                                                                                   
|                                                                                                   
| Timthumb < 1.33 vulnerability:
|                                                                                                   
|                                                                                                   
| Backup Files:
| Skipped because http://siakad.upmi.ac.id/testing123 did not return the code 404
|                                                                                                   
|                                                                                                   
| Blind SQL Injection:
|                                                                                                   
|                                                                                                   
| Local File Include:
|                                                                                                   
|                                                                                                   
| PHP CGI Argument Injection:
|                                                                                                   
|                                                                                                   
| Remote Command Execution:
|                                                                                                   
|                                                                                                   
| Remote File Include:
|                                                                                                   
|                                                                                                   
| SQL Injection:
|                                                                                                   
|                                                                                                   
| Cross-Site Scripting (XSS):
|                                                                                                   
|                                                                                                   
| Web Shell Finder:
===================================================================================================
| Static tests:
| Plugin name: Local File Include tests v.1.1 Loaded.
| Plugin name: Remote Command Execution tests v.1.1 Loaded.
| Plugin name: Remote File Include tests v.1.1 Loaded.
|                                                                                                   
|                                                                                                   
| Local File Include:
|                                                                                                   
|                                                                                                   
| Remote Command Execution:
|                                                                                                   
|                                                                                                   
| Remote File Include:
